<?xml version="1.0" encoding="UTF-8"?>
<testsuite xmlns:xsi="http://www.w3.org/2001/XMLSchema-instance" xsi:noNamespaceSchemaLocation="https://maven.apache.org/surefire/maven-surefire-plugin/xsd/surefire-test-report-3.0.xsd" version="3.0" name="com.devopsson.devopsson.DevopssonApplicationTests" time="4.765" tests="1" errors="0" skipped="0" failures="0">
  <properties>
[...]
</properties>
  <testcase name="contextLoads" classname="com.devopsson.devopsson.DevopssonApplicationTests" time="0.453">
    <system-out><![CDATA[12:54:32.314 [main] INFO org.springframework.test.context.support.AnnotationConfigContextLoaderUtils -- Could not detect default configuration classes for test class [com.devopsson.devopsson.DevopssonApplicationTests]: DevopssonApplicationTests does not declare any static, non-private, non-final, nested classes annotated with @Configuration.
12:54:32.442 [main] INFO org.springframework.boot.test.context.SpringBootTestContextBootstrapper -- Found @SpringBootConfiguration com.devopsson.devopsson.DevopssonApplication for test class com.devopsson.devopsson.DevopssonApplicationTests
12:54:32.690 [main] INFO org.springframework.boot.devtools.restart.RestartApplicationListener -- Restart disabled due to context in which it is running

  .   ____          _            __ _ _
 /\\ / ___'_ __ _ _(_)_ __  __ _ \ \ \ \
( ( )\___ | '_ | '_| | '_ \/ _` | \ \ \ \
 \\/  ___)| |_)| | | | | || (_| |  ) ) ) )
  '  |____| .__|_| |_|_| |_\__, | / / / /
 =========|_|==============|___/=/_/_/_/
 :: Spring Boot ::                (v3.2.1)

2024-01-31T12:54:32.982+03:00  INFO 17100 --- [           main] c.d.devopsson.DevopssonApplicationTests  : Starting DevopssonApplicationTests using Java 17.0.9 with PID 17100 (started by Windows 11 in C:\Users\Windows 11\Desktop\devopsodev)
2024-01-31T12:54:32.984+03:00  INFO 17100 --- [           main] c.d.devopsson.DevopssonApplicationTests  : No active profile set, falling back to 1 default profile: "default"
2024-01-31T12:54:33.683+03:00  INFO 17100 --- [           main] .s.d.r.c.RepositoryConfigurationDelegate : Bootstrapping Spring Data JPA repositories in DEFAULT mode.
2024-01-31T12:54:33.744+03:00  INFO 17100 --- [           main] .s.d.r.c.RepositoryConfigurationDelegate : Finished Spring Data repository scanning in 51 ms. Found 1 JPA repository interface.
2024-01-31T12:54:34.185+03:00  INFO 17100 --- [           main] o.hibernate.jpa.internal.util.LogHelper  : HHH000204: Processing PersistenceUnitInfo [name: default]
2024-01-31T12:54:34.262+03:00  INFO 17100 --- [           main] org.hibernate.Version                    : HHH000412: Hibernate ORM core version 6.4.1.Final
2024-01-31T12:54:34.268+03:00  WARN 17100 --- [           main] org.hibernate.orm.deprecation            : HHH90000021: Encountered deprecated setting [javax.persistence.validation.mode], use [jakarta.persistence.validation.mode] instead
2024-01-31T12:54:34.304+03:00  INFO 17100 --- [           main] o.h.c.internal.RegionFactoryInitiator    : HHH000026: Second-level cache disabled
2024-01-31T12:54:34.625+03:00  INFO 17100 --- [           main] o.s.o.j.p.SpringPersistenceUnitInfo      : No LoadTimeWeaver setup: ignoring JPA class transformer
2024-01-31T12:54:34.653+03:00  INFO 17100 --- [           main] com.zaxxer.hikari.HikariDataSource       : HikariPool-1 - Starting...
2024-01-31T12:54:34.912+03:00  INFO 17100 --- [           main] com.zaxxer.hikari.pool.HikariPool        : HikariPool-1 - Added connection org.postgresql.jdbc.PgConnection@4357524b
2024-01-31T12:54:34.915+03:00  INFO 17100 --- [           main] com.zaxxer.hikari.HikariDataSource       : HikariPool-1 - Start completed.
2024-01-31T12:54:34.965+03:00  WARN 17100 --- [           main] org.hibernate.orm.deprecation            : HHH90000025: PostgreSQLDialect does not need to be specified explicitly using 'hibernate.dialect' (remove the property setting and it will be selected by default)
2024-01-31T12:54:35.711+03:00  INFO 17100 --- [           main] o.h.e.t.j.p.i.JtaPlatformInitiator       : HHH000489: No JTA platform available (set 'hibernate.transaction.jta.platform' to enable JTA platform integration)
2024-01-31T12:54:35.766+03:00  INFO 17100 --- [           main] j.LocalContainerEntityManagerFactoryBean : Initialized JPA EntityManagerFactory for persistence unit 'default'
2024-01-31T12:54:36.106+03:00  WARN 17100 --- [           main] JpaBaseConfiguration$JpaWebConfiguration : spring.jpa.open-in-view is enabled by default. Therefore, database queries may be performed during view rendering. Explicitly configure spring.jpa.open-in-view to disable this warning
2024-01-31T12:54:36.412+03:00  INFO 17100 --- [           main] c.d.devopsson.DevopssonApplicationTests  : Started DevopssonApplicationTests in 3.743 seconds (process running for 4.802)
]]></system-out>
  </testcase>
</testsuite>